{"/Users/jacobhyde/Projects/npm/ScrollableSelect/scrollableselect.js": {"path":"/Users/jacobhyde/Projects/npm/ScrollableSelect/scrollableselect.js","statementMap":{"0":{"start":{"line":16,"column":31},"end":{"line":16,"column":117}},"1":{"start":{"line":20,"column":4},"end":{"line":20,"column":17}},"2":{"start":{"line":21,"column":4},"end":{"line":26,"column":6}},"3":{"start":{"line":28,"column":40},"end":{"line":28,"column":50}},"4":{"start":{"line":29,"column":4},"end":{"line":29,"column":31}},"5":{"start":{"line":31,"column":4},"end":{"line":39,"column":5}},"6":{"start":{"line":31,"column":48},"end":{"line":31,"column":65}},"7":{"start":{"line":32,"column":23},"end":{"line":32,"column":58}},"8":{"start":{"line":32,"column":40},"end":{"line":32,"column":57}},"9":{"start":{"line":33,"column":6},"end":{"line":33,"column":42}},"10":{"start":{"line":34,"column":6},"end":{"line":34,"column":45}},"11":{"start":{"line":35,"column":11},"end":{"line":39,"column":5}},"12":{"start":{"line":35,"column":55},"end":{"line":35,"column":77}},"13":{"start":{"line":36,"column":18},"end":{"line":36,"column":58}},"14":{"start":{"line":36,"column":35},"end":{"line":36,"column":57}},"15":{"start":{"line":37,"column":6},"end":{"line":37,"column":37}},"16":{"start":{"line":38,"column":6},"end":{"line":38,"column":40}},"17":{"start":{"line":41,"column":4},"end":{"line":41,"column":55}},"18":{"start":{"line":42,"column":4},"end":{"line":42,"column":59}},"19":{"start":{"line":43,"column":4},"end":{"line":43,"column":51}},"20":{"start":{"line":44,"column":4},"end":{"line":44,"column":55}},"21":{"start":{"line":45,"column":4},"end":{"line":45,"column":57}},"22":{"start":{"line":46,"column":4},"end":{"line":46,"column":55}},"23":{"start":{"line":50,"column":4},"end":{"line":52,"column":5}},"24":{"start":{"line":51,"column":6},"end":{"line":51,"column":62}},"25":{"start":{"line":56,"column":4},"end":{"line":58,"column":5}},"26":{"start":{"line":57,"column":6},"end":{"line":57,"column":18}},"27":{"start":{"line":60,"column":4},"end":{"line":60,"column":23}},"28":{"start":{"line":62,"column":4},"end":{"line":64,"column":5}},"29":{"start":{"line":63,"column":6},"end":{"line":63,"column":33}},"30":{"start":{"line":66,"column":4},"end":{"line":68,"column":5}},"31":{"start":{"line":67,"column":6},"end":{"line":67,"column":31}},"32":{"start":{"line":72,"column":30},"end":{"line":72,"column":40}},"33":{"start":{"line":75,"column":3},"end":{"line":94,"column":4}},"34":{"start":{"line":76,"column":5},"end":{"line":76,"column":44}},"35":{"start":{"line":77,"column":5},"end":{"line":83,"column":15}},"36":{"start":{"line":85,"column":5},"end":{"line":93,"column":8}},"37":{"start":{"line":92,"column":7},"end":{"line":92,"column":46}},"38":{"start":{"line":98,"column":4},"end":{"line":98,"column":16}},"39":{"start":{"line":102,"column":4},"end":{"line":102,"column":16}},"40":{"start":{"line":106,"column":4},"end":{"line":110,"column":5}},"41":{"start":{"line":107,"column":6},"end":{"line":107,"column":31}},"42":{"start":{"line":109,"column":6},"end":{"line":109,"column":27}},"43":{"start":{"line":114,"column":4},"end":{"line":114,"column":32}},"44":{"start":{"line":116,"column":4},"end":{"line":118,"column":5}},"45":{"start":{"line":117,"column":6},"end":{"line":117,"column":32}},"46":{"start":{"line":122,"column":4},"end":{"line":122,"column":22}},"47":{"start":{"line":123,"column":4},"end":{"line":123,"column":32}},"48":{"start":{"line":125,"column":4},"end":{"line":125,"column":68}},"49":{"start":{"line":127,"column":4},"end":{"line":129,"column":5}},"50":{"start":{"line":128,"column":6},"end":{"line":128,"column":32}},"51":{"start":{"line":133,"column":4},"end":{"line":140,"column":7}},"52":{"start":{"line":134,"column":6},"end":{"line":136,"column":7}},"53":{"start":{"line":135,"column":8},"end":{"line":135,"column":50}},"54":{"start":{"line":137,"column":6},"end":{"line":139,"column":7}},"55":{"start":{"line":138,"column":8},"end":{"line":138,"column":26}},"56":{"start":{"line":144,"column":4},"end":{"line":144,"column":28}},"57":{"start":{"line":148,"column":4},"end":{"line":148,"column":53}},"58":{"start":{"line":152,"column":58},"end":{"line":152,"column":68}},"59":{"start":{"line":154,"column":4},"end":{"line":160,"column":5}},"60":{"start":{"line":155,"column":6},"end":{"line":159,"column":8}},"61":{"start":{"line":161,"column":4},"end":{"line":168,"column":6}},"62":{"start":{"line":172,"column":4},"end":{"line":172,"column":81}},"63":{"start":{"line":189,"column":14},"end":{"line":189,"column":24}},"64":{"start":{"line":191,"column":24},"end":{"line":195,"column":5}},"65":{"start":{"line":197,"column":4},"end":{"line":208,"column":5}},"66":{"start":{"line":198,"column":6},"end":{"line":207,"column":8}},"67":{"start":{"line":205,"column":30},"end":{"line":205,"column":61}},"68":{"start":{"line":210,"column":4},"end":{"line":282,"column":6}},"69":{"start":{"line":226,"column":38},"end":{"line":226,"column":66}},"70":{"start":{"line":248,"column":44},"end":{"line":248,"column":75}},"71":{"start":{"line":287,"column":0},"end":{"line":305,"column":2}},"72":{"start":{"line":304,"column":43},"end":{"line":304,"column":47}},"73":{"start":{"line":307,"column":0},"end":{"line":321,"column":2}}},"fnMap":{"0":{"name":"(anonymous_0)","decl":{"start":{"line":19,"column":2},"end":{"line":19,"column":3}},"loc":{"start":{"line":19,"column":20},"end":{"line":47,"column":3}},"line":19},"1":{"name":"(anonymous_1)","decl":{"start":{"line":31,"column":43},"end":{"line":31,"column":44}},"loc":{"start":{"line":31,"column":48},"end":{"line":31,"column":65}},"line":31},"2":{"name":"(anonymous_2)","decl":{"start":{"line":32,"column":35},"end":{"line":32,"column":36}},"loc":{"start":{"line":32,"column":40},"end":{"line":32,"column":57}},"line":32},"3":{"name":"(anonymous_3)","decl":{"start":{"line":35,"column":50},"end":{"line":35,"column":51}},"loc":{"start":{"line":35,"column":55},"end":{"line":35,"column":77}},"line":35},"4":{"name":"(anonymous_4)","decl":{"start":{"line":36,"column":30},"end":{"line":36,"column":31}},"loc":{"start":{"line":36,"column":35},"end":{"line":36,"column":57}},"line":36},"5":{"name":"(anonymous_5)","decl":{"start":{"line":49,"column":2},"end":{"line":49,"column":3}},"loc":{"start":{"line":49,"column":14},"end":{"line":53,"column":3}},"line":49},"6":{"name":"(anonymous_6)","decl":{"start":{"line":55,"column":2},"end":{"line":55,"column":3}},"loc":{"start":{"line":55,"column":17},"end":{"line":69,"column":3}},"line":55},"7":{"name":"(anonymous_7)","decl":{"start":{"line":71,"column":2},"end":{"line":71,"column":3}},"loc":{"start":{"line":71,"column":27},"end":{"line":95,"column":3}},"line":71},"8":{"name":"(anonymous_8)","decl":{"start":{"line":91,"column":13},"end":{"line":91,"column":14}},"loc":{"start":{"line":91,"column":19},"end":{"line":93,"column":6}},"line":91},"9":{"name":"(anonymous_9)","decl":{"start":{"line":97,"column":2},"end":{"line":97,"column":3}},"loc":{"start":{"line":97,"column":31},"end":{"line":99,"column":3}},"line":97},"10":{"name":"(anonymous_10)","decl":{"start":{"line":101,"column":2},"end":{"line":101,"column":3}},"loc":{"start":{"line":101,"column":30},"end":{"line":103,"column":3}},"line":101},"11":{"name":"(anonymous_11)","decl":{"start":{"line":105,"column":2},"end":{"line":105,"column":3}},"loc":{"start":{"line":105,"column":16},"end":{"line":111,"column":3}},"line":105},"12":{"name":"(anonymous_12)","decl":{"start":{"line":113,"column":2},"end":{"line":113,"column":3}},"loc":{"start":{"line":113,"column":18},"end":{"line":119,"column":3}},"line":113},"13":{"name":"(anonymous_13)","decl":{"start":{"line":121,"column":2},"end":{"line":121,"column":3}},"loc":{"start":{"line":121,"column":19},"end":{"line":130,"column":3}},"line":121},"14":{"name":"(anonymous_14)","decl":{"start":{"line":132,"column":2},"end":{"line":132,"column":3}},"loc":{"start":{"line":132,"column":32},"end":{"line":141,"column":3}},"line":132},"15":{"name":"(anonymous_15)","decl":{"start":{"line":133,"column":66},"end":{"line":133,"column":67}},"loc":{"start":{"line":133,"column":72},"end":{"line":140,"column":5}},"line":133},"16":{"name":"(anonymous_16)","decl":{"start":{"line":143,"column":2},"end":{"line":143,"column":3}},"loc":{"start":{"line":143,"column":12},"end":{"line":145,"column":3}},"line":143},"17":{"name":"(anonymous_17)","decl":{"start":{"line":147,"column":2},"end":{"line":147,"column":3}},"loc":{"start":{"line":147,"column":12},"end":{"line":149,"column":3}},"line":147},"18":{"name":"(anonymous_18)","decl":{"start":{"line":151,"column":2},"end":{"line":151,"column":3}},"loc":{"start":{"line":151,"column":20},"end":{"line":169,"column":3}},"line":151},"19":{"name":"(anonymous_19)","decl":{"start":{"line":171,"column":2},"end":{"line":171,"column":3}},"loc":{"start":{"line":171,"column":24},"end":{"line":173,"column":3}},"line":171},"20":{"name":"(anonymous_20)","decl":{"start":{"line":175,"column":2},"end":{"line":175,"column":3}},"loc":{"start":{"line":175,"column":10},"end":{"line":283,"column":3}},"line":175},"21":{"name":"(anonymous_21)","decl":{"start":{"line":205,"column":22},"end":{"line":205,"column":23}},"loc":{"start":{"line":205,"column":29},"end":{"line":205,"column":62}},"line":205},"22":{"name":"(anonymous_22)","decl":{"start":{"line":226,"column":30},"end":{"line":226,"column":31}},"loc":{"start":{"line":226,"column":36},"end":{"line":226,"column":68}},"line":226},"23":{"name":"(anonymous_23)","decl":{"start":{"line":248,"column":36},"end":{"line":248,"column":37}},"loc":{"start":{"line":248,"column":43},"end":{"line":248,"column":76}},"line":248},"24":{"name":"(anonymous_24)","decl":{"start":{"line":304,"column":38},"end":{"line":304,"column":39}},"loc":{"start":{"line":304,"column":43},"end":{"line":304,"column":47}},"line":304}},"branchMap":{"0":{"loc":{"start":{"line":31,"column":4},"end":{"line":39,"column":5}},"type":"if","locations":[{"start":{"line":31,"column":4},"end":{"line":39,"column":5}},{"start":{"line":31,"column":4},"end":{"line":39,"column":5}}],"line":31},"1":{"loc":{"start":{"line":31,"column":7},"end":{"line":31,"column":66}},"type":"binary-expr","locations":[{"start":{"line":31,"column":7},"end":{"line":31,"column":12}},{"start":{"line":31,"column":16},"end":{"line":31,"column":27}},{"start":{"line":31,"column":31},"end":{"line":31,"column":66}}],"line":31},"2":{"loc":{"start":{"line":35,"column":11},"end":{"line":39,"column":5}},"type":"if","locations":[{"start":{"line":35,"column":11},"end":{"line":39,"column":5}},{"start":{"line":35,"column":11},"end":{"line":39,"column":5}}],"line":35},"3":{"loc":{"start":{"line":35,"column":14},"end":{"line":35,"column":78}},"type":"binary-expr","locations":[{"start":{"line":35,"column":14},"end":{"line":35,"column":20}},{"start":{"line":35,"column":24},"end":{"line":35,"column":34}},{"start":{"line":35,"column":38},"end":{"line":35,"column":78}}],"line":35},"4":{"loc":{"start":{"line":50,"column":4},"end":{"line":52,"column":5}},"type":"if","locations":[{"start":{"line":50,"column":4},"end":{"line":52,"column":5}},{"start":{"line":50,"column":4},"end":{"line":52,"column":5}}],"line":50},"5":{"loc":{"start":{"line":56,"column":4},"end":{"line":58,"column":5}},"type":"if","locations":[{"start":{"line":56,"column":4},"end":{"line":58,"column":5}},{"start":{"line":56,"column":4},"end":{"line":58,"column":5}}],"line":56},"6":{"loc":{"start":{"line":62,"column":4},"end":{"line":64,"column":5}},"type":"if","locations":[{"start":{"line":62,"column":4},"end":{"line":64,"column":5}},{"start":{"line":62,"column":4},"end":{"line":64,"column":5}}],"line":62},"7":{"loc":{"start":{"line":66,"column":4},"end":{"line":68,"column":5}},"type":"if","locations":[{"start":{"line":66,"column":4},"end":{"line":68,"column":5}},{"start":{"line":66,"column":4},"end":{"line":68,"column":5}}],"line":66},"8":{"loc":{"start":{"line":75,"column":3},"end":{"line":94,"column":4}},"type":"if","locations":[{"start":{"line":75,"column":3},"end":{"line":94,"column":4}},{"start":{"line":75,"column":3},"end":{"line":94,"column":4}}],"line":75},"9":{"loc":{"start":{"line":106,"column":4},"end":{"line":110,"column":5}},"type":"if","locations":[{"start":{"line":106,"column":4},"end":{"line":110,"column":5}},{"start":{"line":106,"column":4},"end":{"line":110,"column":5}}],"line":106},"10":{"loc":{"start":{"line":116,"column":4},"end":{"line":118,"column":5}},"type":"if","locations":[{"start":{"line":116,"column":4},"end":{"line":118,"column":5}},{"start":{"line":116,"column":4},"end":{"line":118,"column":5}}],"line":116},"11":{"loc":{"start":{"line":127,"column":4},"end":{"line":129,"column":5}},"type":"if","locations":[{"start":{"line":127,"column":4},"end":{"line":129,"column":5}},{"start":{"line":127,"column":4},"end":{"line":129,"column":5}}],"line":127},"12":{"loc":{"start":{"line":134,"column":6},"end":{"line":136,"column":7}},"type":"if","locations":[{"start":{"line":134,"column":6},"end":{"line":136,"column":7}},{"start":{"line":134,"column":6},"end":{"line":136,"column":7}}],"line":134},"13":{"loc":{"start":{"line":137,"column":6},"end":{"line":139,"column":7}},"type":"if","locations":[{"start":{"line":137,"column":6},"end":{"line":139,"column":7}},{"start":{"line":137,"column":6},"end":{"line":139,"column":7}}],"line":137},"14":{"loc":{"start":{"line":154,"column":4},"end":{"line":160,"column":5}},"type":"if","locations":[{"start":{"line":154,"column":4},"end":{"line":160,"column":5}},{"start":{"line":154,"column":4},"end":{"line":160,"column":5}}],"line":154},"15":{"loc":{"start":{"line":193,"column":6},"end":{"line":193,"column":32}},"type":"binary-expr","locations":[{"start":{"line":193,"column":6},"end":{"line":193,"column":14}},{"start":{"line":193,"column":18},"end":{"line":193,"column":32}}],"line":193},"16":{"loc":{"start":{"line":194,"column":6},"end":{"line":194,"column":39}},"type":"binary-expr","locations":[{"start":{"line":194,"column":6},"end":{"line":194,"column":14}},{"start":{"line":194,"column":18},"end":{"line":194,"column":39}}],"line":194},"17":{"loc":{"start":{"line":197,"column":4},"end":{"line":208,"column":5}},"type":"if","locations":[{"start":{"line":197,"column":4},"end":{"line":208,"column":5}},{"start":{"line":197,"column":4},"end":{"line":208,"column":5}}],"line":197},"18":{"loc":{"start":{"line":242,"column":41},"end":{"line":242,"column":88}},"type":"cond-expr","locations":[{"start":{"line":242,"column":73},"end":{"line":242,"column":79}},{"start":{"line":242,"column":82},"end":{"line":242,"column":88}}],"line":242}},"s":{"0":1,"1":7,"2":7,"3":7,"4":7,"5":7,"6":1,"7":1,"8":1,"9":1,"10":1,"11":6,"12":0,"13":0,"14":0,"15":0,"16":0,"17":7,"18":7,"19":7,"20":7,"21":7,"22":7,"23":0,"24":0,"25":0,"26":0,"27":0,"28":0,"29":0,"30":0,"31":0,"32":2,"33":2,"34":1,"35":1,"36":1,"37":0,"38":0,"39":0,"40":2,"41":1,"42":1,"43":1,"44":1,"45":1,"46":0,"47":0,"48":0,"49":0,"50":0,"51":0,"52":0,"53":0,"54":0,"55":0,"56":1,"57":0,"58":8,"59":8,"60":1,"61":7,"62":6,"63":8,"64":8,"65":8,"66":0,"67":0,"68":8,"69":0,"70":6,"71":1,"72":0,"73":1},"f":{"0":7,"1":1,"2":1,"3":0,"4":0,"5":0,"6":0,"7":2,"8":0,"9":0,"10":0,"11":2,"12":1,"13":0,"14":0,"15":0,"16":1,"17":0,"18":8,"19":6,"20":8,"21":0,"22":0,"23":6,"24":0},"b":{"0":[1,6],"1":[7,1,1],"2":[0,6],"3":[6,6,0],"4":[0,0],"5":[0,0],"6":[0,0],"7":[0,0],"8":[1,1],"9":[1,1],"10":[1,0],"11":[0,0],"12":[0,0],"13":[0,0],"14":[1,7],"15":[8,1],"16":[8,1],"17":[0,8],"18":[8,0]},"_coverageSchema":"332fd63041d2c1bcb487cc26dd0d5f7d97098a6c","hash":"6302365361566bcb7acc06528493e374a70f20e7"}
,"/Users/jacobhyde/Projects/npm/ScrollableSelect/style.js": {"path":"/Users/jacobhyde/Projects/npm/ScrollableSelect/style.js","statementMap":{"0":{"start":{"line":3,"column":15},"end":{"line":70,"column":2}}},"fnMap":{},"branchMap":{},"s":{"0":1},"f":{},"b":{},"_coverageSchema":"332fd63041d2c1bcb487cc26dd0d5f7d97098a6c","hash":"d7f8a0f9fb8c39ab0ea4eaed341f067f18ae4cbf"}
}
