TN:
SF:/Users/jacobhyde/Projects/npm/ScrollableSelect/scrollableselect.js
FN:19,(anonymous_0)
FN:31,(anonymous_1)
FN:32,(anonymous_2)
FN:35,(anonymous_3)
FN:36,(anonymous_4)
FN:49,(anonymous_5)
FN:55,(anonymous_6)
FN:71,(anonymous_7)
FN:91,(anonymous_8)
FN:97,(anonymous_9)
FN:101,(anonymous_10)
FN:105,(anonymous_11)
FN:113,(anonymous_12)
FN:121,(anonymous_13)
FN:132,(anonymous_14)
FN:133,(anonymous_15)
FN:143,(anonymous_16)
FN:147,(anonymous_17)
FN:151,(anonymous_18)
FN:171,(anonymous_19)
FN:175,(anonymous_20)
FN:205,(anonymous_21)
FN:226,(anonymous_22)
FN:248,(anonymous_23)
FN:304,(anonymous_24)
FNF:25
FNH:11
FNDA:7,(anonymous_0)
FNDA:1,(anonymous_1)
FNDA:1,(anonymous_2)
FNDA:0,(anonymous_3)
FNDA:0,(anonymous_4)
FNDA:0,(anonymous_5)
FNDA:0,(anonymous_6)
FNDA:2,(anonymous_7)
FNDA:0,(anonymous_8)
FNDA:0,(anonymous_9)
FNDA:0,(anonymous_10)
FNDA:2,(anonymous_11)
FNDA:1,(anonymous_12)
FNDA:0,(anonymous_13)
FNDA:0,(anonymous_14)
FNDA:0,(anonymous_15)
FNDA:1,(anonymous_16)
FNDA:0,(anonymous_17)
FNDA:8,(anonymous_18)
FNDA:6,(anonymous_19)
FNDA:8,(anonymous_20)
FNDA:0,(anonymous_21)
FNDA:0,(anonymous_22)
FNDA:6,(anonymous_23)
FNDA:0,(anonymous_24)
DA:16,1
DA:20,7
DA:21,7
DA:28,7
DA:29,7
DA:31,7
DA:32,1
DA:33,1
DA:34,1
DA:35,6
DA:36,0
DA:37,0
DA:38,0
DA:41,7
DA:42,7
DA:43,7
DA:44,7
DA:45,7
DA:46,7
DA:50,0
DA:51,0
DA:56,0
DA:57,0
DA:60,0
DA:62,0
DA:63,0
DA:66,0
DA:67,0
DA:72,2
DA:75,2
DA:76,1
DA:77,1
DA:85,1
DA:92,0
DA:98,0
DA:102,0
DA:106,2
DA:107,1
DA:109,1
DA:114,1
DA:116,1
DA:117,1
DA:122,0
DA:123,0
DA:125,0
DA:127,0
DA:128,0
DA:133,0
DA:134,0
DA:135,0
DA:137,0
DA:138,0
DA:144,1
DA:148,0
DA:152,8
DA:154,8
DA:155,1
DA:161,7
DA:172,6
DA:189,8
DA:191,8
DA:197,8
DA:198,0
DA:205,0
DA:210,8
DA:226,0
DA:248,6
DA:287,1
DA:304,0
DA:307,1
LF:70
LH:40
BRDA:31,0,0,1
BRDA:31,0,1,6
BRDA:31,1,0,7
BRDA:31,1,1,1
BRDA:31,1,2,1
BRDA:35,2,0,0
BRDA:35,2,1,6
BRDA:35,3,0,6
BRDA:35,3,1,6
BRDA:35,3,2,0
BRDA:50,4,0,0
BRDA:50,4,1,0
BRDA:56,5,0,0
BRDA:56,5,1,0
BRDA:62,6,0,0
BRDA:62,6,1,0
BRDA:66,7,0,0
BRDA:66,7,1,0
BRDA:75,8,0,1
BRDA:75,8,1,1
BRDA:106,9,0,1
BRDA:106,9,1,1
BRDA:116,10,0,1
BRDA:116,10,1,0
BRDA:127,11,0,0
BRDA:127,11,1,0
BRDA:134,12,0,0
BRDA:134,12,1,0
BRDA:137,13,0,0
BRDA:137,13,1,0
BRDA:154,14,0,1
BRDA:154,14,1,7
BRDA:193,15,0,8
BRDA:193,15,1,1
BRDA:194,16,0,8
BRDA:194,16,1,1
BRDA:197,17,0,0
BRDA:197,17,1,8
BRDA:242,18,0,8
BRDA:242,18,1,0
BRF:40
BRH:21
end_of_record
TN:
SF:/Users/jacobhyde/Projects/npm/ScrollableSelect/style.js
FNF:0
FNH:0
DA:3,1
LF:1
LH:1
BRF:0
BRH:0
end_of_record
